<?xml version="1.0" encoding="UTF-8"?>
<testng-results ignored="0" total="3" passed="3" failed="0" skipped="0">
  <reporter-output>
  </reporter-output>
  <suite started-at="2025-07-26T20:59:42 IST" name="Default suite" finished-at="2025-07-26T20:59:42 IST" duration-ms="39">
    <groups>
    </groups>
    <test started-at="2025-07-26T20:59:42 IST" name="Default test" finished-at="2025-07-26T20:59:42 IST" duration-ms="39">
      <class name="SelConnect.dataProviderPrac">
        <test-method signature="sumOfSqr(int,int)[pri:0, instance:SelConnect.dataProviderPrac@3daa422a]" started-at="2025-07-26T20:59:42 IST" name="sumOfSqr" data-provider="supplyNumber" finished-at="2025-07-26T20:59:42 IST" duration-ms="8" status="PASS">
          <params>
            <param index="0">
              <value>
                <![CDATA[1]]>
              </value>
            </param>
            <param index="1">
              <value>
                <![CDATA[2]]>
              </value>
            </param>
          </params>
          <reporter-output>
          </reporter-output>
        </test-method> <!-- sumOfSqr -->
        <test-method signature="sumOfSqr(int,int)[pri:0, instance:SelConnect.dataProviderPrac@3daa422a]" started-at="2025-07-26T20:59:42 IST" name="sumOfSqr" data-provider="supplyNumber" finished-at="2025-07-26T20:59:42 IST" duration-ms="1" status="PASS">
          <params>
            <param index="0">
              <value>
                <![CDATA[2]]>
              </value>
            </param>
            <param index="1">
              <value>
                <![CDATA[3]]>
              </value>
            </param>
          </params>
          <reporter-output>
          </reporter-output>
        </test-method> <!-- sumOfSqr -->
        <test-method signature="sumOfSqr(int,int)[pri:0, instance:SelConnect.dataProviderPrac@3daa422a]" started-at="2025-07-26T20:59:42 IST" name="sumOfSqr" data-provider="supplyNumber" finished-at="2025-07-26T20:59:42 IST" duration-ms="0" status="PASS">
          <params>
            <param index="0">
              <value>
                <![CDATA[3]]>
              </value>
            </param>
            <param index="1">
              <value>
                <![CDATA[4]]>
              </value>
            </param>
          </params>
          <reporter-output>
          </reporter-output>
        </test-method> <!-- sumOfSqr -->
      </class> <!-- SelConnect.dataProviderPrac -->
    </test> <!-- Default test -->
  </suite> <!-- Default suite -->
</testng-results>
