<?xml version="1.0" encoding="UTF-8"?>
<!-- Generated by org.testng.reporters.JUnitXMLReporter -->
<testsuite ignored="0" hostname="192.168.1.7" failures="0" tests="3" name="Default test" time="0.039" errors="0" timestamp="2025-07-26T20:59:42 IST">
  <testcase classname="SelConnect.dataProviderPrac" name="sumOfSqr" time="0.008"/>
  <testcase classname="SelConnect.dataProviderPrac" name="sumOfSqr" time="0.001"/>
  <testcase classname="SelConnect.dataProviderPrac" name="sumOfSqr" time="0.0"/>
</testsuite> <!-- Default test -->
