<?xml version="1.0" encoding="UTF-8"?>
<!-- Generated by org.testng.reporters.JUnitXMLReporter -->
<testsuite ignored="0" hostname="192.168.1.7" failures="0" tests="6" name="Homepage Test" time="5.846" errors="0" timestamp="2025-08-18T23:56:52 IST">
  <testcase classname="com.qa.opencarttesting.tests.HomePageTest" name="verifyNumberOfSubheading" time="0.024"/>
  <testcase classname="com.qa.opencarttesting.tests.HomePageTest" name="verifyNumberOfSubheading" time="0.026"/>
  <testcase classname="com.qa.opencarttesting.tests.HomePageTest" name="verifyNumberOfSubheading" time="0.006"/>
  <testcase classname="com.qa.opencarttesting.tests.HomePageTest" name="verifyNumberOfSubheading" time="0.006"/>
  <testcase classname="com.qa.opencarttesting.tests.HomePageTest" name="verifyNumberOfSubheading" time="0.004"/>
  <testcase classname="com.qa.opencarttesting.tests.HomePageTest" name="verifyURL" time="0.004"/>
</testsuite> <!-- Homepage Test -->
