<?xml version="1.0" encoding="UTF-8"?>
<!-- Generated by org.testng.reporters.JUnitXMLReporter -->
<testsuite ignored="1" hostname="192.168.1.7" failures="1" tests="1" name="Default test(failed)" time="1.747" errors="0" timestamp="2025-07-25T02:33:17 IST">
  <testcase classname="myTest.MyTestngTest" name="aE" time="0.003">
    <failure type="java.lang.ArithmeticException" message="/ by zero">
      <![CDATA[java.lang.ArithmeticException: / by zero
at myTest.MyTestngTest.aE(MyTestngTest.java:30)
at java.base/java.util.ArrayList.forEach(ArrayList.java:1511)
... Removed 27 stack frames]]>
    </failure>
  </testcase> <!-- aE -->
  <testcase classname="myTest.MyTestngTest" name="getSite" time="0.0">
    <ignored/>
  </testcase> <!-- getSite -->
</testsuite> <!-- Default test(failed) -->
