<?xml version="1.0" encoding="UTF-8"?>
<!-- Generated by org.testng.reporters.JUnitXMLReporter -->
<testsuite ignored="1" hostname="192.168.1.9" failures="0" tests="1" name="Default test" time="7.342" errors="0" timestamp="2025-08-06T23:49:03 IST">
  <testcase classname="com.qa.testcyle.tests.HomePageTest" name="verifyProductDisplayedCount" time="5.032"/>
  <testcase classname="com.qa.testcyle.tests.HomePageTest" name="selectProduct" time="0.0">
    <ignored/>
  </testcase> <!-- selectProduct -->
</testsuite> <!-- Default test -->
