<?xml version="1.0" encoding="UTF-8"?>
<testng-results ignored="0" total="1" passed="1" failed="0" skipped="0">
  <reporter-output>
  </reporter-output>
  <suite started-at="2025-04-21T00:31:51 IST" name="Default suite" finished-at="2025-04-21T00:32:05 IST" duration-ms="14530">
    <groups>
    </groups>
    <test started-at="2025-04-21T00:31:51 IST" name="Default test" finished-at="2025-04-21T00:32:05 IST" duration-ms="14530">
      <class name="com.savinshetty.seleniumtest.test.RegisterAccountPageTest">
        <test-method is-config="true" signature="setup()[pri:0, instance:com.savinshetty.seleniumtest.test.RegisterAccountPageTest@479d31f3]" started-at="2025-04-21T00:31:51 IST" name="setup" finished-at="2025-04-21T00:31:54 IST" duration-ms="3575" status="PASS">
          <reporter-output>
          </reporter-output>
        </test-method> <!-- setup -->
        <test-method is-config="true" signature="registerAccountSetup()[pri:0, instance:com.savinshetty.seleniumtest.test.RegisterAccountPageTest@479d31f3]" started-at="2025-04-21T00:31:54 IST" name="registerAccountSetup" finished-at="2025-04-21T00:31:55 IST" duration-ms="520" status="PASS">
          <reporter-output>
          </reporter-output>
        </test-method> <!-- registerAccountSetup -->
        <test-method signature="doRegisterAccountTest()[pri:0, instance:com.savinshetty.seleniumtest.test.RegisterAccountPageTest@479d31f3]" started-at="2025-04-21T00:31:55 IST" name="doRegisterAccountTest" finished-at="2025-04-21T00:32:05 IST" duration-ms="10306" status="PASS">
          <reporter-output>
          </reporter-output>
        </test-method> <!-- doRegisterAccountTest -->
        <test-method is-config="true" signature="tesrDown()[pri:0, instance:com.savinshetty.seleniumtest.test.RegisterAccountPageTest@479d31f3]" started-at="2025-04-21T00:32:05 IST" name="tesrDown" finished-at="2025-04-21T00:32:05 IST" duration-ms="103" status="PASS">
          <reporter-output>
          </reporter-output>
        </test-method> <!-- tesrDown -->
      </class> <!-- com.savinshetty.seleniumtest.test.RegisterAccountPageTest -->
    </test> <!-- Default test -->
  </suite> <!-- Default suite -->
</testng-results>
