<?xml version="1.0" encoding="UTF-8"?>
<testng-results ignored="3" total="4" passed="1" failed="0" skipped="0">
  <reporter-output>
  </reporter-output>
  <suite started-at="2025-04-20T04:03:02 IST" name="Default suite" finished-at="2025-04-20T04:03:09 IST" duration-ms="7737">
    <groups>
    </groups>
    <test started-at="2025-04-20T04:03:02 IST" name="Default test" finished-at="2025-04-20T04:03:09 IST" duration-ms="7737">
      <class name="com.savinshetty.seleniumtest.test.LoginPageTest">
        <test-method is-config="true" signature="setup()[pri:0, instance:com.savinshetty.seleniumtest.test.LoginPageTest@6e171cd7]" started-at="2025-04-20T04:03:02 IST" name="setup" finished-at="2025-04-20T04:03:03 IST" duration-ms="1768" status="PASS">
          <reporter-output>
          </reporter-output>
        </test-method> <!-- setup -->
        <test-method signature="loginTest()[pri:0, instance:com.savinshetty.seleniumtest.test.LoginPageTest@6e171cd7]" started-at="2025-04-20T04:03:03 IST" name="loginTest" finished-at="2025-04-20T04:03:09 IST" duration-ms="5832" status="PASS">
          <reporter-output>
          </reporter-output>
        </test-method> <!-- loginTest -->
        <test-method is-config="true" signature="tesrDown()[pri:0, instance:com.savinshetty.seleniumtest.test.LoginPageTest@6e171cd7]" started-at="2025-04-20T04:03:09 IST" name="tesrDown" finished-at="2025-04-20T04:03:09 IST" duration-ms="103" status="PASS">
          <reporter-output>
          </reporter-output>
        </test-method> <!-- tesrDown -->
      </class> <!-- com.savinshetty.seleniumtest.test.LoginPageTest -->
    </test> <!-- Default test -->
  </suite> <!-- Default suite -->
</testng-results>
