<?xml version="1.0" encoding="UTF-8"?>
<testng-results ignored="1" total="2" passed="1" failed="0" skipped="0">
  <reporter-output>
  </reporter-output>
  <suite started-at="2025-08-06T23:48:56 IST" name="Default suite" finished-at="2025-08-06T23:49:03 IST" duration-ms="7342">
    <groups>
    </groups>
    <test started-at="2025-08-06T23:48:56 IST" name="Default test" finished-at="2025-08-06T23:49:03 IST" duration-ms="7342">
      <class name="com.qa.testcyle.tests.HomePageTest">
        <test-method is-config="true" signature="initTest()[pri:0, instance:com.qa.testcyle.tests.HomePageTest@795cd85e]" started-at="2025-08-06T23:48:56 IST" name="initTest" finished-at="2025-08-06T23:48:57 IST" duration-ms="1724" status="PASS">
          <reporter-output>
          </reporter-output>
        </test-method> <!-- initTest -->
        <test-method is-config="true" signature="homePageTestSetup()[pri:0, instance:com.qa.testcyle.tests.HomePageTest@795cd85e]" started-at="2025-08-06T23:48:57 IST" name="homePageTestSetup" finished-at="2025-08-06T23:48:58 IST" duration-ms="475" status="PASS">
          <reporter-output>
          </reporter-output>
        </test-method> <!-- homePageTestSetup -->
        <test-method signature="verifyProductDisplayedCount()[pri:0, instance:com.qa.testcyle.tests.HomePageTest@795cd85e]" started-at="2025-08-06T23:48:58 IST" name="verifyProductDisplayedCount" finished-at="2025-08-06T23:49:03 IST" duration-ms="5032" status="PASS">
          <reporter-output>
          </reporter-output>
        </test-method> <!-- verifyProductDisplayedCount -->
        <test-method is-config="true" signature="tearDownTest()[pri:0, instance:com.qa.testcyle.tests.HomePageTest@795cd85e]" started-at="2025-08-06T23:49:03 IST" name="tearDownTest" finished-at="2025-08-06T23:49:03 IST" duration-ms="91" status="PASS">
          <reporter-output>
          </reporter-output>
        </test-method> <!-- tearDownTest -->
      </class> <!-- com.qa.testcyle.tests.HomePageTest -->
    </test> <!-- Default test -->
  </suite> <!-- Default suite -->
</testng-results>
