<?xml version="1.0" encoding="UTF-8"?>
<testng-results ignored="0" total="6" passed="5" failed="1" skipped="0">
  <reporter-output>
  </reporter-output>
  <suite started-at="2025-08-15T23:12:40 IST" name="openCart chrome test" finished-at="2025-08-15T23:12:52 IST" duration-ms="11882">
    <groups>
    </groups>
    <test started-at="2025-08-15T23:12:40 IST" name="Homepage Test" finished-at="2025-08-15T23:12:46 IST" duration-ms="5728">
      <class name="com.qa.opencarttesting.tests.HomePageTest">
        <test-method is-config="true" signature="initTest(java.lang.String)[pri:0, instance:com.qa.opencarttesting.tests.HomePageTest@78aa1f72]" started-at="2025-08-15T23:12:40 IST" name="initTest" finished-at="2025-08-15T23:12:44 IST" duration-ms="4382" status="PASS">
          <params>
            <param index="0">
              <value>
                <![CDATA[firefox]]>
              </value>
            </param>
          </params>
          <reporter-output>
          </reporter-output>
        </test-method> <!-- initTest -->
        <test-method is-config="true" signature="setupHomePageTest()[pri:0, instance:com.qa.opencarttesting.tests.HomePageTest@78aa1f72]" started-at="2025-08-15T23:12:44 IST" name="setupHomePageTest" finished-at="2025-08-15T23:12:45 IST" duration-ms="794" status="PASS">
          <reporter-output>
          </reporter-output>
        </test-method> <!-- setupHomePageTest -->
        <test-method signature="verifyNumberOfSubheading(java.lang.String,int)[pri:0, instance:com.qa.opencarttesting.tests.HomePageTest@78aa1f72]" started-at="2025-08-15T23:12:45 IST" name="verifyNumberOfSubheading" data-provider="subHeadCountArgs" finished-at="2025-08-15T23:12:45 IST" duration-ms="28" status="PASS">
          <params>
            <param index="0">
              <value>
                <![CDATA[My Account]]>
              </value>
            </param>
            <param index="1">
              <value>
                <![CDATA[4]]>
              </value>
            </param>
          </params>
          <reporter-output>
          </reporter-output>
        </test-method> <!-- verifyNumberOfSubheading -->
        <test-method is-config="true" signature="takeScreenshot(org.testng.ITestResult)[pri:0, instance:com.qa.opencarttesting.tests.HomePageTest@78aa1f72]" started-at="2025-08-15T23:12:45 IST" name="takeScreenshot" finished-at="2025-08-15T23:12:45 IST" duration-ms="1" status="PASS">
          <params>
            <param index="0">
              <value>
                <![CDATA[[TestResult name=verifyNumberOfSubheading status=SUCCESS method=HomePageTest.verifyNumberOfSubheading(java.lang.String,int)[pri:0, instance:com.qa.opencarttesting.tests.HomePageTest@78aa1f72] output={null}]]]>
              </value>
            </param>
          </params>
          <reporter-output>
          </reporter-output>
        </test-method> <!-- takeScreenshot -->
        <test-method signature="verifyNumberOfSubheading(java.lang.String,int)[pri:0, instance:com.qa.opencarttesting.tests.HomePageTest@78aa1f72]" started-at="2025-08-15T23:12:45 IST" name="verifyNumberOfSubheading" data-provider="subHeadCountArgs" finished-at="2025-08-15T23:12:45 IST" duration-ms="26" status="PASS">
          <params>
            <param index="0">
              <value>
                <![CDATA[My Orders]]>
              </value>
            </param>
            <param index="1">
              <value>
                <![CDATA[6]]>
              </value>
            </param>
          </params>
          <reporter-output>
          </reporter-output>
        </test-method> <!-- verifyNumberOfSubheading -->
        <test-method is-config="true" signature="takeScreenshot(org.testng.ITestResult)[pri:0, instance:com.qa.opencarttesting.tests.HomePageTest@78aa1f72]" started-at="2025-08-15T23:12:45 IST" name="takeScreenshot" finished-at="2025-08-15T23:12:45 IST" duration-ms="0" status="PASS">
          <params>
            <param index="0">
              <value>
                <![CDATA[[TestResult name=verifyNumberOfSubheading status=SUCCESS method=HomePageTest.verifyNumberOfSubheading(java.lang.String,int)[pri:0, instance:com.qa.opencarttesting.tests.HomePageTest@78aa1f72] output={null}]]]>
              </value>
            </param>
          </params>
          <reporter-output>
          </reporter-output>
        </test-method> <!-- takeScreenshot -->
        <test-method signature="verifyNumberOfSubheading(java.lang.String,int)[pri:0, instance:com.qa.opencarttesting.tests.HomePageTest@78aa1f72]" started-at="2025-08-15T23:12:45 IST" name="verifyNumberOfSubheading" data-provider="subHeadCountArgs" finished-at="2025-08-15T23:12:45 IST" duration-ms="9" status="PASS">
          <params>
            <param index="0">
              <value>
                <![CDATA[My Affiliate Account]]>
              </value>
            </param>
            <param index="1">
              <value>
                <![CDATA[1]]>
              </value>
            </param>
          </params>
          <reporter-output>
          </reporter-output>
        </test-method> <!-- verifyNumberOfSubheading -->
        <test-method is-config="true" signature="takeScreenshot(org.testng.ITestResult)[pri:0, instance:com.qa.opencarttesting.tests.HomePageTest@78aa1f72]" started-at="2025-08-15T23:12:45 IST" name="takeScreenshot" finished-at="2025-08-15T23:12:45 IST" duration-ms="1" status="PASS">
          <params>
            <param index="0">
              <value>
                <![CDATA[[TestResult name=verifyNumberOfSubheading status=SUCCESS method=HomePageTest.verifyNumberOfSubheading(java.lang.String,int)[pri:0, instance:com.qa.opencarttesting.tests.HomePageTest@78aa1f72] output={null}]]]>
              </value>
            </param>
          </params>
          <reporter-output>
          </reporter-output>
        </test-method> <!-- takeScreenshot -->
        <test-method signature="verifyNumberOfSubheading(java.lang.String,int)[pri:0, instance:com.qa.opencarttesting.tests.HomePageTest@78aa1f72]" started-at="2025-08-15T23:12:45 IST" name="verifyNumberOfSubheading" data-provider="subHeadCountArgs" finished-at="2025-08-15T23:12:45 IST" duration-ms="7" status="PASS">
          <params>
            <param index="0">
              <value>
                <![CDATA[Newsletter]]>
              </value>
            </param>
            <param index="1">
              <value>
                <![CDATA[1]]>
              </value>
            </param>
          </params>
          <reporter-output>
          </reporter-output>
        </test-method> <!-- verifyNumberOfSubheading -->
        <test-method is-config="true" signature="takeScreenshot(org.testng.ITestResult)[pri:0, instance:com.qa.opencarttesting.tests.HomePageTest@78aa1f72]" started-at="2025-08-15T23:12:45 IST" name="takeScreenshot" finished-at="2025-08-15T23:12:45 IST" duration-ms="0" status="PASS">
          <params>
            <param index="0">
              <value>
                <![CDATA[[TestResult name=verifyNumberOfSubheading status=SUCCESS method=HomePageTest.verifyNumberOfSubheading(java.lang.String,int)[pri:0, instance:com.qa.opencarttesting.tests.HomePageTest@78aa1f72] output={null}]]]>
              </value>
            </param>
          </params>
          <reporter-output>
          </reporter-output>
        </test-method> <!-- takeScreenshot -->
        <test-method signature="verifyNumberOfSubheading(java.lang.String,int)[pri:0, instance:com.qa.opencarttesting.tests.HomePageTest@78aa1f72]" started-at="2025-08-15T23:12:45 IST" name="verifyNumberOfSubheading" data-provider="subHeadCountArgs" finished-at="2025-08-15T23:12:45 IST" duration-ms="3" status="PASS">
          <params>
            <param index="0">
              <value>
                <![CDATA[xxx]]>
              </value>
            </param>
            <param index="1">
              <value>
                <![CDATA[0]]>
              </value>
            </param>
          </params>
          <reporter-output>
          </reporter-output>
        </test-method> <!-- verifyNumberOfSubheading -->
        <test-method is-config="true" signature="takeScreenshot(org.testng.ITestResult)[pri:0, instance:com.qa.opencarttesting.tests.HomePageTest@78aa1f72]" started-at="2025-08-15T23:12:45 IST" name="takeScreenshot" finished-at="2025-08-15T23:12:45 IST" duration-ms="1" status="PASS">
          <params>
            <param index="0">
              <value>
                <![CDATA[[TestResult name=verifyNumberOfSubheading status=SUCCESS method=HomePageTest.verifyNumberOfSubheading(java.lang.String,int)[pri:0, instance:com.qa.opencarttesting.tests.HomePageTest@78aa1f72] output={null}]]]>
              </value>
            </param>
          </params>
          <reporter-output>
          </reporter-output>
        </test-method> <!-- takeScreenshot -->
        <test-method is-config="true" signature="exitTest()[pri:0, instance:com.qa.opencarttesting.tests.HomePageTest@78aa1f72]" started-at="2025-08-15T23:12:45 IST" name="exitTest" finished-at="2025-08-15T23:12:46 IST" duration-ms="455" status="PASS">
          <reporter-output>
          </reporter-output>
        </test-method> <!-- exitTest -->
      </class> <!-- com.qa.opencarttesting.tests.HomePageTest -->
    </test> <!-- Homepage Test -->
    <test started-at="2025-08-15T23:12:40 IST" name="Login Test" finished-at="2025-08-15T23:12:52 IST" duration-ms="11882">
      <class name="com.qa.opencarttesting.tests.LoginPageTest">
        <test-method is-config="true" signature="initTest(java.lang.String)[pri:0, instance:com.qa.opencarttesting.tests.LoginPageTest@4c402120]" started-at="2025-08-15T23:12:40 IST" name="initTest" finished-at="2025-08-15T23:12:50 IST" duration-ms="10224" status="PASS">
          <params>
            <param index="0">
              <value>
                <![CDATA[chrome]]>
              </value>
            </param>
          </params>
          <reporter-output>
          </reporter-output>
        </test-method> <!-- initTest -->
        <test-method signature="doLoginTest()[pri:0, instance:com.qa.opencarttesting.tests.LoginPageTest@4c402120]" started-at="2025-08-15T23:12:50 IST" name="doLoginTest" finished-at="2025-08-15T23:12:50 IST" duration-ms="213" status="FAIL">
          <exception class="java.lang.AssertionError">
            <message>
              <![CDATA[The following asserts failed:
expected [true] but found [false]]]>
            </message>
            <full-stacktrace>
              <![CDATA[java.lang.AssertionError: The following asserts failed:
expected [true] but found [false]
at org.testng.asserts.SoftAssert.assertAll(SoftAssert.java:46)
at org.testng.asserts.SoftAssert.assertAll(SoftAssert.java:30)
at com.qa.opencarttesting.tests.LoginPageTest.doLoginTest(LoginPageTest.java:23)
at java.base/jdk.internal.reflect.NativeMethodAccessorImpl.invoke0(Native Method)
at java.base/jdk.internal.reflect.NativeMethodAccessorImpl.invoke(NativeMethodAccessorImpl.java:77)
at java.base/jdk.internal.reflect.DelegatingMethodAccessorImpl.invoke(DelegatingMethodAccessorImpl.java:43)
at java.base/java.lang.reflect.Method.invoke(Method.java:568)
at org.testng.internal.invokers.MethodInvocationHelper.invokeMethod(MethodInvocationHelper.java:141)
at org.testng.internal.invokers.TestInvoker.invokeMethod(TestInvoker.java:687)
at org.testng.internal.invokers.TestInvoker.invokeTestMethod(TestInvoker.java:230)
at org.testng.internal.invokers.MethodRunner.runInSequence(MethodRunner.java:63)
at org.testng.internal.invokers.TestInvoker$MethodInvocationAgent.invoke(TestInvoker.java:995)
at org.testng.internal.invokers.TestInvoker.invokeTestMethods(TestInvoker.java:203)
at org.testng.internal.invokers.TestMethodWorker.invokeTestMethods(TestMethodWorker.java:154)
at org.testng.internal.invokers.TestMethodWorker.run(TestMethodWorker.java:134)
at java.base/java.util.ArrayList.forEach(ArrayList.java:1511)
at org.testng.TestRunner.privateRun(TestRunner.java:741)
at org.testng.TestRunner.run(TestRunner.java:616)
at org.testng.SuiteRunner.runTest(SuiteRunner.java:421)
at org.testng.SuiteRunner$SuiteWorker.run(SuiteRunner.java:463)
at org.testng.internal.thread.ThreadUtil.lambda$execute$0(ThreadUtil.java:64)
at java.base/java.util.concurrent.FutureTask.run(FutureTask.java:264)
at java.base/java.util.concurrent.ThreadPoolExecutor.runWorker(ThreadPoolExecutor.java:1136)
at java.base/java.util.concurrent.ThreadPoolExecutor$Worker.run(ThreadPoolExecutor.java:635)
at java.base/java.lang.Thread.run(Thread.java:842)
]]>
            </full-stacktrace>
          </exception> <!-- java.lang.AssertionError -->
          <reporter-output>
          </reporter-output>
        </test-method> <!-- doLoginTest -->
        <test-method is-config="true" signature="takeScreenshot(org.testng.ITestResult)[pri:0, instance:com.qa.opencarttesting.tests.LoginPageTest@4c402120]" started-at="2025-08-15T23:12:50 IST" name="takeScreenshot" finished-at="2025-08-15T23:12:52 IST" duration-ms="1358" status="PASS">
          <params>
            <param index="0">
              <value>
                <![CDATA[[TestResult name=doLoginTest status=FAILURE method=LoginPageTest.doLoginTest()[pri:0, instance:com.qa.opencarttesting.tests.LoginPageTest@4c402120] output={null}]]]>
              </value>
            </param>
          </params>
          <reporter-output>
          </reporter-output>
        </test-method> <!-- takeScreenshot -->
        <test-method is-config="true" signature="exitTest()[pri:0, instance:com.qa.opencarttesting.tests.LoginPageTest@4c402120]" started-at="2025-08-15T23:12:52 IST" name="exitTest" finished-at="2025-08-15T23:12:52 IST" duration-ms="78" status="PASS">
          <reporter-output>
          </reporter-output>
        </test-method> <!-- exitTest -->
      </class> <!-- com.qa.opencarttesting.tests.LoginPageTest -->
    </test> <!-- Login Test -->
  </suite> <!-- openCart chrome test -->
</testng-results>
