<?xml version="1.0" encoding="UTF-8"?>
<testng-results ignored="0" total="6" passed="6" failed="0" skipped="0">
  <reporter-output>
  </reporter-output>
  <suite started-at="2025-08-10T17:14:27 IST" name="openCart chrome test" finished-at="2025-08-10T17:14:32 IST" duration-ms="5598">
    <groups>
    </groups>
    <test started-at="2025-08-10T17:14:27 IST" name="Login Test" finished-at="2025-08-10T17:14:32 IST" duration-ms="4834">
      <class name="com.qa.opencarttesting.tests.LoginPageTest">
        <test-method is-config="true" signature="initTest()[pri:0, instance:com.qa.opencarttesting.tests.LoginPageTest@43195e57]" started-at="2025-08-10T17:14:27 IST" name="initTest" finished-at="2025-08-10T17:14:31 IST" duration-ms="4578" status="PASS">
          <reporter-output>
          </reporter-output>
        </test-method> <!-- initTest -->
        <test-method signature="doLoginTest()[pri:0, instance:com.qa.opencarttesting.tests.LoginPageTest@43195e57]" started-at="2025-08-10T17:14:31 IST" name="doLoginTest" finished-at="2025-08-10T17:14:32 IST" duration-ms="157" status="PASS">
          <reporter-output>
          </reporter-output>
        </test-method> <!-- doLoginTest -->
        <test-method is-config="true" signature="exitTest()[pri:0, instance:com.qa.opencarttesting.tests.LoginPageTest@43195e57]" started-at="2025-08-10T17:14:32 IST" name="exitTest" finished-at="2025-08-10T17:14:32 IST" duration-ms="91" status="PASS">
          <reporter-output>
          </reporter-output>
        </test-method> <!-- exitTest -->
      </class> <!-- com.qa.opencarttesting.tests.LoginPageTest -->
    </test> <!-- Login Test -->
    <test started-at="2025-08-10T17:14:27 IST" name="Homepage Test" finished-at="2025-08-10T17:14:32 IST" duration-ms="5598">
      <class name="com.qa.opencarttesting.tests.HomePageTest">
        <test-method is-config="true" signature="initTest()[pri:0, instance:com.qa.opencarttesting.tests.HomePageTest@436813f3]" started-at="2025-08-10T17:14:27 IST" name="initTest" finished-at="2025-08-10T17:14:31 IST" duration-ms="4335" status="PASS">
          <reporter-output>
          </reporter-output>
        </test-method> <!-- initTest -->
        <test-method is-config="true" signature="setupHomePageTest()[pri:0, instance:com.qa.opencarttesting.tests.HomePageTest@436813f3]" started-at="2025-08-10T17:14:31 IST" name="setupHomePageTest" finished-at="2025-08-10T17:14:31 IST" duration-ms="179" status="PASS">
          <reporter-output>
          </reporter-output>
        </test-method> <!-- setupHomePageTest -->
        <test-method signature="verifyNumberOfSubheading(java.lang.String,int)[pri:0, instance:com.qa.opencarttesting.tests.HomePageTest@436813f3]" started-at="2025-08-10T17:14:31 IST" name="verifyNumberOfSubheading" data-provider="subHeadCountArgs" finished-at="2025-08-10T17:14:32 IST" duration-ms="902" status="PASS">
          <params>
            <param index="0">
              <value>
                <![CDATA[My Account]]>
              </value>
            </param>
            <param index="1">
              <value>
                <![CDATA[4]]>
              </value>
            </param>
          </params>
          <reporter-output>
          </reporter-output>
        </test-method> <!-- verifyNumberOfSubheading -->
        <test-method signature="verifyNumberOfSubheading(java.lang.String,int)[pri:0, instance:com.qa.opencarttesting.tests.HomePageTest@436813f3]" started-at="2025-08-10T17:14:32 IST" name="verifyNumberOfSubheading" data-provider="subHeadCountArgs" finished-at="2025-08-10T17:14:32 IST" duration-ms="31" status="PASS">
          <params>
            <param index="0">
              <value>
                <![CDATA[My Orders]]>
              </value>
            </param>
            <param index="1">
              <value>
                <![CDATA[6]]>
              </value>
            </param>
          </params>
          <reporter-output>
          </reporter-output>
        </test-method> <!-- verifyNumberOfSubheading -->
        <test-method signature="verifyNumberOfSubheading(java.lang.String,int)[pri:0, instance:com.qa.opencarttesting.tests.HomePageTest@436813f3]" started-at="2025-08-10T17:14:32 IST" name="verifyNumberOfSubheading" data-provider="subHeadCountArgs" finished-at="2025-08-10T17:14:32 IST" duration-ms="11" status="PASS">
          <params>
            <param index="0">
              <value>
                <![CDATA[My Affiliate Account]]>
              </value>
            </param>
            <param index="1">
              <value>
                <![CDATA[1]]>
              </value>
            </param>
          </params>
          <reporter-output>
          </reporter-output>
        </test-method> <!-- verifyNumberOfSubheading -->
        <test-method signature="verifyNumberOfSubheading(java.lang.String,int)[pri:0, instance:com.qa.opencarttesting.tests.HomePageTest@436813f3]" started-at="2025-08-10T17:14:32 IST" name="verifyNumberOfSubheading" data-provider="subHeadCountArgs" finished-at="2025-08-10T17:14:32 IST" duration-ms="12" status="PASS">
          <params>
            <param index="0">
              <value>
                <![CDATA[Newsletter]]>
              </value>
            </param>
            <param index="1">
              <value>
                <![CDATA[1]]>
              </value>
            </param>
          </params>
          <reporter-output>
          </reporter-output>
        </test-method> <!-- verifyNumberOfSubheading -->
        <test-method signature="verifyNumberOfSubheading(java.lang.String,int)[pri:0, instance:com.qa.opencarttesting.tests.HomePageTest@436813f3]" started-at="2025-08-10T17:14:32 IST" name="verifyNumberOfSubheading" data-provider="subHeadCountArgs" finished-at="2025-08-10T17:14:32 IST" duration-ms="7" status="PASS">
          <params>
            <param index="0">
              <value>
                <![CDATA[xxx]]>
              </value>
            </param>
            <param index="1">
              <value>
                <![CDATA[0]]>
              </value>
            </param>
          </params>
          <reporter-output>
          </reporter-output>
        </test-method> <!-- verifyNumberOfSubheading -->
        <test-method is-config="true" signature="exitTest()[pri:0, instance:com.qa.opencarttesting.tests.HomePageTest@436813f3]" started-at="2025-08-10T17:14:32 IST" name="exitTest" finished-at="2025-08-10T17:14:32 IST" duration-ms="99" status="PASS">
          <reporter-output>
          </reporter-output>
        </test-method> <!-- exitTest -->
      </class> <!-- com.qa.opencarttesting.tests.HomePageTest -->
    </test> <!-- Homepage Test -->
  </suite> <!-- openCart chrome test -->
</testng-results>
