<?xml version="1.0" encoding="UTF-8"?>
<!-- Generated by org.testng.reporters.JUnitXMLReporter -->
<testsuite ignored="3" hostname="192.168.1.32" failures="0" tests="1" name="Default test" time="7.737" errors="0" timestamp="2025-04-20T04:03:09 IST">
  <testcase classname="com.savinshetty.seleniumtest.test.LoginPageTest" name="loginTest" time="5.832"/>
  <testcase classname="com.savinshetty.seleniumtest.test.LoginPageTest" name="passwordTest" time="0.0">
    <ignored/>
  </testcase> <!-- passwordTest -->
  <testcase classname="com.savinshetty.seleniumtest.test.LoginPageTest" name="loginButtonTest" time="0.0">
    <ignored/>
  </testcase> <!-- loginButtonTest -->
  <testcase classname="com.savinshetty.seleniumtest.test.LoginPageTest" name="userNameTest" time="0.0">
    <ignored/>
  </testcase> <!-- userNameTest -->
</testsuite> <!-- Default test -->
