<?xml version="1.0" encoding="UTF-8"?>
<testng-results ignored="0" total="1" passed="1" failed="0" skipped="0">
  <reporter-output>
  </reporter-output>
  <suite started-at="2025-08-03T03:58:29 IST" name="Default suite" finished-at="2025-08-03T03:58:33 IST" duration-ms="3384">
    <groups>
    </groups>
    <test started-at="2025-08-03T03:58:29 IST" name="Default test" finished-at="2025-08-03T03:58:33 IST" duration-ms="3384">
      <class name="com.qa.testCycle.tests.loginPageTest">
        <test-method is-config="true" signature="testSetup()[pri:0, instance:com.qa.testCycle.tests.loginPageTest@498d318c]" started-at="2025-08-03T03:58:29 IST" name="testSetup" finished-at="2025-08-03T03:58:31 IST" duration-ms="2096" status="PASS">
          <reporter-output>
          </reporter-output>
        </test-method> <!-- testSetup -->
        <test-method signature="loginPageTitleCheck()[pri:0, instance:com.qa.testCycle.tests.loginPageTest@498d318c]" started-at="2025-08-03T03:58:31 IST" name="loginPageTitleCheck" finished-at="2025-08-03T03:58:33 IST" duration-ms="1159" status="PASS">
          <reporter-output>
          </reporter-output>
        </test-method> <!-- loginPageTitleCheck -->
        <test-method is-config="true" signature="testTeardown()[pri:0, instance:com.qa.testCycle.tests.loginPageTest@498d318c]" started-at="2025-08-03T03:58:33 IST" name="testTeardown" finished-at="2025-08-03T03:58:33 IST" duration-ms="94" status="PASS">
          <reporter-output>
          </reporter-output>
        </test-method> <!-- testTeardown -->
      </class> <!-- com.qa.testCycle.tests.loginPageTest -->
    </test> <!-- Default test -->
  </suite> <!-- Default suite -->
</testng-results>
