<?xml version="1.0" encoding="UTF-8"?>
<!-- Generated by org.testng.reporters.JUnitXMLReporter -->
<testsuite ignored="1" hostname="192.168.1.7" failures="0" tests="1" name="Default test" time="18.171" errors="0" timestamp="2025-08-19T15:15:29 IST">
  <testcase classname="com.qa.opencarttesting.tests.HomePageTest" name="verifyURL" time="0.009"/>
  <testcase classname="com.qa.opencarttesting.tests.HomePageTest" name="verifyNumberOfSubheading" time="0.0">
    <ignored/>
  </testcase> <!-- verifyNumberOfSubheading -->
</testsuite> <!-- Default test -->
